0 info it worked if it ends with ok
1 verbose cli [ 'node', '/usr/local/bin/npm', 'install', '-g', 'less' ]
2 info using npm@1.1.62
3 info using node@v0.8.11
4 verbose read json /usr/local/lib/package.json
5 verbose read json /usr/local/lib/package.json
6 verbose cache add [ 'less', null ]
7 silly cache add name=undefined spec="less" args=["less",null]
8 verbose parsed url { pathname: 'less', path: 'less', href: 'less' }
9 silly lockFile 0b439cf4-less less
10 verbose lock less /Users/Gustavo/.npm/0b439cf4-less.lock
11 silly lockFile 0b439cf4-less less
12 verbose addNamed [ 'less', '' ]
13 verbose addNamed [ null, '' ]
14 silly lockFile e13833ab-less less@
15 verbose lock less@ /Users/Gustavo/.npm/e13833ab-less.lock
16 silly addNameRange { name: 'less', range: '', hasData: false }
17 verbose url raw less
18 verbose url resolving [ 'https://registry.npmjs.org/', './less' ]
19 verbose url resolved https://registry.npmjs.org/less
20 info trying registry request attempt 1 at 00:04:33
21 http GET https://registry.npmjs.org/less
22 http 200 https://registry.npmjs.org/less
23 silly registry.get cb [ 200,
23 silly registry.get   { vary: 'Accept',
23 silly registry.get     server: 'CouchDB/1.2.1 (Erlang OTP/R15B)',
23 silly registry.get     etag: '"6I1IW67GGRE2PJ4LEZ2J7B8O5"',
23 silly registry.get     date: 'Tue, 29 Jan 2013 04:32:54 GMT',
23 silly registry.get     'content-type': 'application/json',
23 silly registry.get     'content-length': '23924' } ]
24 silly addNameRange number 2 { name: 'less', range: '', hasData: true }
25 silly addNameRange versions [ 'less',
25 silly addNameRange   [ '1.0.10',
25 silly addNameRange     '1.0.11',
25 silly addNameRange     '1.0.14',
25 silly addNameRange     '1.0.18',
25 silly addNameRange     '1.0.19',
25 silly addNameRange     '1.0.21',
25 silly addNameRange     '1.0.32',
25 silly addNameRange     '1.0.36',
25 silly addNameRange     '1.0.5',
25 silly addNameRange     '1.0.40',
25 silly addNameRange     '1.0.41',
25 silly addNameRange     '1.0.44',
25 silly addNameRange     '1.1.0',
25 silly addNameRange     '1.1.1',
25 silly addNameRange     '1.1.2',
25 silly addNameRange     '1.1.4',
25 silly addNameRange     '1.1.5',
25 silly addNameRange     '1.1.6',
25 silly addNameRange     '1.2.0',
25 silly addNameRange     '1.2.1',
25 silly addNameRange     '1.2.2',
25 silly addNameRange     '1.3.0',
25 silly addNameRange     '1.3.1',
25 silly addNameRange     '1.3.2',
25 silly addNameRange     '1.3.3' ] ]
26 verbose addNamed [ 'less', '1.3.3' ]
27 verbose addNamed [ '1.3.3', '1.3.3' ]
28 silly lockFile fcd40bce-less-1-3-3 less@1.3.3
29 verbose lock less@1.3.3 /Users/Gustavo/.npm/fcd40bce-less-1-3-3.lock
30 silly lockFile 2aa4d5e7-ry-npmjs-org-less-less-1-3-3-tgz https://registry.npmjs.org/less/-/less-1.3.3.tgz
31 verbose lock https://registry.npmjs.org/less/-/less-1.3.3.tgz /Users/Gustavo/.npm/2aa4d5e7-ry-npmjs-org-less-less-1-3-3-tgz.lock
32 verbose addRemoteTarball [ 'https://registry.npmjs.org/less/-/less-1.3.3.tgz',
32 verbose addRemoteTarball   '7ee8f300a41080f3544c80c7a70cdf6a61280cf9' ]
33 info retry fetch attempt 1 at 00:04:35
34 verbose fetch to= /var/folders/5l/mg_x7mwx2lxg0ssdmjq3ncrc0000gn/T/npm-2349/1359434075987-0.42711647716350853/tmp.tgz
35 http GET https://registry.npmjs.org/less/-/less-1.3.3.tgz
36 http 200 https://registry.npmjs.org/less/-/less-1.3.3.tgz
37 silly shasum updated bytes 40960
38 silly shasum updated bytes 40960
39 silly shasum updated bytes 33877
40 info shasum 7ee8f300a41080f3544c80c7a70cdf6a61280cf9
40 info shasum /var/folders/5l/mg_x7mwx2lxg0ssdmjq3ncrc0000gn/T/npm-2349/1359434075987-0.42711647716350853/tmp.tgz
41 verbose tar unpack /var/folders/5l/mg_x7mwx2lxg0ssdmjq3ncrc0000gn/T/npm-2349/1359434075987-0.42711647716350853/tmp.tgz
42 silly lockFile 2fed5cb5-5987-0-42711647716350853-package /var/folders/5l/mg_x7mwx2lxg0ssdmjq3ncrc0000gn/T/npm-2349/1359434075987-0.42711647716350853/package
43 verbose lock /var/folders/5l/mg_x7mwx2lxg0ssdmjq3ncrc0000gn/T/npm-2349/1359434075987-0.42711647716350853/package /Users/Gustavo/.npm/2fed5cb5-5987-0-42711647716350853-package.lock
44 silly gunzTarPerm modes [ '755', '644' ]
45 silly gunzTarPerm extractEntry package.json
46 silly gunzTarPerm modified mode [ 'package.json', 438, 420 ]
47 silly gunzTarPerm extractEntry .npmignore
48 silly gunzTarPerm modified mode [ '.npmignore', 438, 420 ]
49 silly gunzTarPerm extractEntry README.md
50 silly gunzTarPerm modified mode [ 'README.md', 438, 420 ]
51 silly gunzTarPerm extractEntry LICENSE
52 silly gunzTarPerm modified mode [ 'LICENSE', 438, 420 ]
53 silly gunzTarPerm extractEntry CHANGELOG.md
54 silly gunzTarPerm modified mode [ 'CHANGELOG.md', 438, 420 ]
55 silly gunzTarPerm extractEntry CONTRIBUTING.md
56 silly gunzTarPerm modified mode [ 'CONTRIBUTING.md', 438, 420 ]
57 silly gunzTarPerm extractEntry benchmark/less-benchmark.js
58 silly gunzTarPerm modified mode [ 'benchmark/less-benchmark.js', 438, 420 ]
59 silly gunzTarPerm extractEntry benchmark/benchmark.less
60 silly gunzTarPerm modified mode [ 'benchmark/benchmark.less', 438, 420 ]
61 silly gunzTarPerm extractEntry lib/less/browser.js
62 silly gunzTarPerm modified mode [ 'lib/less/browser.js', 438, 420 ]
63 silly gunzTarPerm extractEntry lib/less/colors.js
64 silly gunzTarPerm modified mode [ 'lib/less/colors.js', 438, 420 ]
65 silly gunzTarPerm extractEntry lib/less/functions.js
66 silly gunzTarPerm modified mode [ 'lib/less/functions.js', 438, 420 ]
67 silly gunzTarPerm extractEntry lib/less/index.js
68 silly gunzTarPerm modified mode [ 'lib/less/index.js', 438, 420 ]
69 silly gunzTarPerm extractEntry lib/less/lessc_helper.js
70 silly gunzTarPerm modified mode [ 'lib/less/lessc_helper.js', 438, 420 ]
71 silly gunzTarPerm extractEntry lib/less/parser.js
72 silly gunzTarPerm modified mode [ 'lib/less/parser.js', 438, 420 ]
73 silly gunzTarPerm extractEntry lib/less/rhino.js
74 silly gunzTarPerm modified mode [ 'lib/less/rhino.js', 438, 420 ]
75 silly gunzTarPerm extractEntry lib/less/tree.js
76 silly gunzTarPerm modified mode [ 'lib/less/tree.js', 438, 420 ]
77 silly gunzTarPerm extractEntry lib/less/tree/alpha.js
78 silly gunzTarPerm modified mode [ 'lib/less/tree/alpha.js', 438, 420 ]
79 silly gunzTarPerm extractEntry lib/less/tree/expression.js
80 silly gunzTarPerm modified mode [ 'lib/less/tree/expression.js', 438, 420 ]
81 silly gunzTarPerm extractEntry lib/less/tree/import.js
82 silly gunzTarPerm modified mode [ 'lib/less/tree/import.js', 438, 420 ]
83 silly gunzTarPerm extractEntry lib/less/tree/javascript.js
84 silly gunzTarPerm modified mode [ 'lib/less/tree/javascript.js', 438, 420 ]
85 silly gunzTarPerm extractEntry lib/less/tree/element.js
86 silly gunzTarPerm modified mode [ 'lib/less/tree/element.js', 438, 420 ]
87 silly gunzTarPerm extractEntry lib/less/tree/media.js
88 silly gunzTarPerm modified mode [ 'lib/less/tree/media.js', 438, 420 ]
89 silly gunzTarPerm extractEntry lib/less/tree/mixin.js
90 silly gunzTarPerm modified mode [ 'lib/less/tree/mixin.js', 438, 420 ]
91 silly gunzTarPerm extractEntry lib/less/tree/operation.js
92 silly gunzTarPerm modified mode [ 'lib/less/tree/operation.js', 438, 420 ]
93 silly gunzTarPerm extractEntry lib/less/tree/paren.js
94 silly gunzTarPerm modified mode [ 'lib/less/tree/paren.js', 438, 420 ]
95 silly gunzTarPerm extractEntry lib/less/tree/quoted.js
96 silly gunzTarPerm modified mode [ 'lib/less/tree/quoted.js', 438, 420 ]
97 silly gunzTarPerm extractEntry lib/less/tree/directive.js
98 silly gunzTarPerm modified mode [ 'lib/less/tree/directive.js', 438, 420 ]
99 silly gunzTarPerm extractEntry lib/less/tree/ratio.js
100 silly gunzTarPerm modified mode [ 'lib/less/tree/ratio.js', 438, 420 ]
101 silly gunzTarPerm extractEntry lib/less/tree/dimension.js
102 silly gunzTarPerm modified mode [ 'lib/less/tree/dimension.js', 438, 420 ]
103 silly gunzTarPerm extractEntry lib/less/tree/rule.js
104 silly gunzTarPerm modified mode [ 'lib/less/tree/rule.js', 438, 420 ]
105 silly gunzTarPerm extractEntry lib/less/tree/condition.js
106 silly gunzTarPerm modified mode [ 'lib/less/tree/condition.js', 438, 420 ]
107 silly gunzTarPerm extractEntry lib/less/tree/ruleset.js
108 silly gunzTarPerm modified mode [ 'lib/less/tree/ruleset.js', 438, 420 ]
109 silly gunzTarPerm extractEntry lib/less/tree/comment.js
110 silly gunzTarPerm modified mode [ 'lib/less/tree/comment.js', 438, 420 ]
111 silly gunzTarPerm extractEntry lib/less/tree/selector.js
112 silly gunzTarPerm modified mode [ 'lib/less/tree/selector.js', 438, 420 ]
113 silly gunzTarPerm extractEntry lib/less/tree/color.js
114 silly gunzTarPerm modified mode [ 'lib/less/tree/color.js', 438, 420 ]
115 silly gunzTarPerm extractEntry lib/less/tree/unicode-descriptor.js
116 silly gunzTarPerm modified mode [ 'lib/less/tree/unicode-descriptor.js', 438, 420 ]
117 silly gunzTarPerm extractEntry lib/less/tree/call.js
118 silly gunzTarPerm modified mode [ 'lib/less/tree/call.js', 438, 420 ]
119 silly gunzTarPerm extractEntry lib/less/tree/url.js
120 silly gunzTarPerm modified mode [ 'lib/less/tree/url.js', 438, 420 ]
121 silly gunzTarPerm extractEntry lib/less/tree/assignment.js
122 silly gunzTarPerm modified mode [ 'lib/less/tree/assignment.js', 438, 420 ]
123 silly gunzTarPerm extractEntry lib/less/tree/value.js
124 silly gunzTarPerm modified mode [ 'lib/less/tree/value.js', 438, 420 ]
125 silly gunzTarPerm extractEntry lib/less/tree/anonymous.js
126 silly gunzTarPerm modified mode [ 'lib/less/tree/anonymous.js', 438, 420 ]
127 silly gunzTarPerm extractEntry lib/less/tree/variable.js
128 silly gunzTarPerm modified mode [ 'lib/less/tree/variable.js', 438, 420 ]
129 silly gunzTarPerm extractEntry lib/less/tree/keyword.js
130 silly gunzTarPerm modified mode [ 'lib/less/tree/keyword.js', 438, 420 ]
131 silly gunzTarPerm extractEntry test/browser-test-prepare.js
132 silly gunzTarPerm modified mode [ 'test/browser-test-prepare.js', 438, 420 ]
133 silly gunzTarPerm extractEntry test/less-test.js
134 silly gunzTarPerm modified mode [ 'test/less-test.js', 438, 420 ]
135 silly gunzTarPerm extractEntry test/browser/common.js
136 silly gunzTarPerm modified mode [ 'test/browser/common.js', 438, 420 ]
137 silly gunzTarPerm extractEntry test/browser/jasmine-html.js
138 silly gunzTarPerm modified mode [ 'test/browser/jasmine-html.js', 438, 420 ]
139 silly gunzTarPerm extractEntry test/browser/runner-rootpath.js
140 silly gunzTarPerm modified mode [ 'test/browser/runner-rootpath.js', 438, 420 ]
141 silly gunzTarPerm extractEntry test/browser/jasmine.js
142 silly gunzTarPerm modified mode [ 'test/browser/jasmine.js', 438, 420 ]
143 silly gunzTarPerm extractEntry test/browser/runner-rootpath-relative.js
144 silly gunzTarPerm modified mode [ 'test/browser/runner-rootpath-relative.js', 438, 420 ]
145 silly gunzTarPerm extractEntry test/browser/runner-relative-urls.js
146 silly gunzTarPerm modified mode [ 'test/browser/runner-relative-urls.js', 438, 420 ]
147 silly gunzTarPerm extractEntry test/browser/runner-browser.js
148 silly gunzTarPerm modified mode [ 'test/browser/runner-browser.js', 438, 420 ]
149 silly gunzTarPerm extractEntry test/browser/runner-main.js
150 silly gunzTarPerm modified mode [ 'test/browser/runner-main.js', 438, 420 ]
151 silly gunzTarPerm extractEntry test/browser/phantom-runner.js
152 silly gunzTarPerm modified mode [ 'test/browser/phantom-runner.js', 438, 420 ]
153 silly gunzTarPerm extractEntry test/browser/css/relative-urls/urls.css
154 silly gunzTarPerm modified mode [ 'test/browser/css/relative-urls/urls.css', 438, 420 ]
155 silly gunzTarPerm extractEntry test/browser/css/rootpath/urls.css
156 silly gunzTarPerm modified mode [ 'test/browser/css/rootpath/urls.css', 438, 420 ]
157 silly gunzTarPerm extractEntry test/browser/css/rootpath-relative/urls.css
158 silly gunzTarPerm modified mode [ 'test/browser/css/rootpath-relative/urls.css', 438, 420 ]
159 silly gunzTarPerm extractEntry test/browser/css/urls.css
160 silly gunzTarPerm modified mode [ 'test/browser/css/urls.css', 438, 420 ]
161 silly gunzTarPerm extractEntry test/browser/less/imports/urls.less
162 silly gunzTarPerm modified mode [ 'test/browser/less/imports/urls.less', 438, 420 ]
163 silly gunzTarPerm extractEntry test/browser/less/imports/urls2.less
164 silly gunzTarPerm modified mode [ 'test/browser/less/imports/urls2.less', 438, 420 ]
165 silly gunzTarPerm extractEntry test/browser/less/relative-urls/urls.less
166 silly gunzTarPerm modified mode [ 'test/browser/less/relative-urls/urls.less', 438, 420 ]
167 silly gunzTarPerm extractEntry test/browser/less/rootpath/urls.less
168 silly gunzTarPerm modified mode [ 'test/browser/less/rootpath/urls.less', 438, 420 ]
169 silly gunzTarPerm extractEntry test/browser/less/rootpath-relative/urls.less
170 silly gunzTarPerm modified mode [ 'test/browser/less/rootpath-relative/urls.less', 438, 420 ]
171 silly gunzTarPerm extractEntry test/browser/less/urls.less
172 silly gunzTarPerm modified mode [ 'test/browser/less/urls.less', 438, 420 ]
173 silly gunzTarPerm extractEntry test/browser/jasmine.css
174 silly gunzTarPerm modified mode [ 'test/browser/jasmine.css', 438, 420 ]
175 silly gunzTarPerm extractEntry test/browser/template.htm
176 silly gunzTarPerm modified mode [ 'test/browser/template.htm', 438, 420 ]
177 silly gunzTarPerm extractEntry test/css/mixins-guards.css
178 silly gunzTarPerm modified mode [ 'test/css/mixins-guards.css', 438, 420 ]
179 silly gunzTarPerm extractEntry test/css/charsets.css
180 silly gunzTarPerm modified mode [ 'test/css/charsets.css', 438, 420 ]
181 silly gunzTarPerm extractEntry test/css/comments.css
182 silly gunzTarPerm modified mode [ 'test/css/comments.css', 438, 420 ]
183 silly gunzTarPerm extractEntry test/css/css-3.css
184 silly gunzTarPerm modified mode [ 'test/css/css-3.css', 438, 420 ]
185 silly gunzTarPerm extractEntry test/css/css-escapes.css
186 silly gunzTarPerm modified mode [ 'test/css/css-escapes.css', 438, 420 ]
187 silly gunzTarPerm extractEntry test/css/css.css
188 silly gunzTarPerm modified mode [ 'test/css/css.css', 438, 420 ]
189 silly gunzTarPerm extractEntry test/css/debug/linenumbers-all.css
190 silly gunzTarPerm modified mode [ 'test/css/debug/linenumbers-all.css', 438, 420 ]
191 silly gunzTarPerm extractEntry test/css/debug/linenumbers-comments.css
192 silly gunzTarPerm modified mode [ 'test/css/debug/linenumbers-comments.css', 438, 420 ]
193 silly gunzTarPerm extractEntry test/css/debug/linenumbers-mediaquery.css
194 silly gunzTarPerm modified mode [ 'test/css/debug/linenumbers-mediaquery.css', 438, 420 ]
195 silly gunzTarPerm extractEntry test/css/functions.css
196 silly gunzTarPerm modified mode [ 'test/css/functions.css', 438, 420 ]
197 silly gunzTarPerm extractEntry test/css/ie-filters.css
198 silly gunzTarPerm modified mode [ 'test/css/ie-filters.css', 438, 420 ]
199 silly gunzTarPerm extractEntry test/css/import-once.css
200 silly gunzTarPerm modified mode [ 'test/css/import-once.css', 438, 420 ]
201 silly gunzTarPerm extractEntry test/css/import.css
202 silly gunzTarPerm modified mode [ 'test/css/import.css', 438, 420 ]
203 silly gunzTarPerm extractEntry test/css/javascript.css
204 silly gunzTarPerm modified mode [ 'test/css/javascript.css', 438, 420 ]
205 silly gunzTarPerm extractEntry test/css/lazy-eval.css
206 silly gunzTarPerm modified mode [ 'test/css/lazy-eval.css', 438, 420 ]
207 silly gunzTarPerm extractEntry test/css/media.css
208 silly gunzTarPerm modified mode [ 'test/css/media.css', 438, 420 ]
209 silly gunzTarPerm extractEntry test/css/mixins-args.css
210 silly gunzTarPerm modified mode [ 'test/css/mixins-args.css', 438, 420 ]
211 silly gunzTarPerm extractEntry test/css/mixins-closure.css
212 silly gunzTarPerm modified mode [ 'test/css/mixins-closure.css', 438, 420 ]
213 silly gunzTarPerm extractEntry test/css/colors.css
214 silly gunzTarPerm modified mode [ 'test/css/colors.css', 438, 420 ]
215 silly gunzTarPerm extractEntry test/css/mixins-important.css
216 silly gunzTarPerm modified mode [ 'test/css/mixins-important.css', 438, 420 ]
217 silly gunzTarPerm extractEntry test/css/mixins-named-args.css
218 silly gunzTarPerm modified mode [ 'test/css/mixins-named-args.css', 438, 420 ]
219 silly gunzTarPerm extractEntry test/css/mixins-nested.css
220 silly gunzTarPerm modified mode [ 'test/css/mixins-nested.css', 438, 420 ]
221 silly gunzTarPerm extractEntry test/css/mixins-pattern.css
222 silly gunzTarPerm modified mode [ 'test/css/mixins-pattern.css', 438, 420 ]
223 silly gunzTarPerm extractEntry test/css/mixins.css
224 silly gunzTarPerm modified mode [ 'test/css/mixins.css', 438, 420 ]
225 silly gunzTarPerm extractEntry test/css/operations.css
226 silly gunzTarPerm modified mode [ 'test/css/operations.css', 438, 420 ]
227 silly gunzTarPerm extractEntry test/css/parens.css
228 silly gunzTarPerm modified mode [ 'test/css/parens.css', 438, 420 ]
229 silly gunzTarPerm extractEntry test/css/rulesets.css
230 silly gunzTarPerm modified mode [ 'test/css/rulesets.css', 438, 420 ]
231 silly gunzTarPerm extractEntry test/css/scope.css
232 silly gunzTarPerm modified mode [ 'test/css/scope.css', 438, 420 ]
233 silly gunzTarPerm extractEntry test/css/selectors.css
234 silly gunzTarPerm modified mode [ 'test/css/selectors.css', 438, 420 ]
235 silly gunzTarPerm extractEntry test/css/static-urls/urls.css
236 silly gunzTarPerm modified mode [ 'test/css/static-urls/urls.css', 438, 420 ]
237 silly gunzTarPerm extractEntry test/css/strings.css
238 silly gunzTarPerm modified mode [ 'test/css/strings.css', 438, 420 ]
239 silly gunzTarPerm extractEntry test/css/urls.css
240 silly gunzTarPerm modified mode [ 'test/css/urls.css', 438, 420 ]
241 silly gunzTarPerm extractEntry test/css/variables.css
242 silly gunzTarPerm modified mode [ 'test/css/variables.css', 438, 420 ]
243 silly gunzTarPerm extractEntry test/css/whitespace.css
244 silly gunzTarPerm modified mode [ 'test/css/whitespace.css', 438, 420 ]
245 silly gunzTarPerm extractEntry test/less/mixins-closure.less
246 silly gunzTarPerm modified mode [ 'test/less/mixins-closure.less', 438, 420 ]
247 silly gunzTarPerm extractEntry test/less/charsets.less
248 silly gunzTarPerm modified mode [ 'test/less/charsets.less', 438, 420 ]
249 silly gunzTarPerm extractEntry test/less/comments.less
250 silly gunzTarPerm modified mode [ 'test/less/comments.less', 438, 420 ]
251 silly gunzTarPerm extractEntry test/less/css-3.less
252 silly gunzTarPerm modified mode [ 'test/less/css-3.less', 438, 420 ]
253 silly gunzTarPerm extractEntry test/less/css-escapes.less
254 silly gunzTarPerm modified mode [ 'test/less/css-escapes.less', 438, 420 ]
255 silly gunzTarPerm extractEntry test/less/css.less
256 silly gunzTarPerm modified mode [ 'test/less/css.less', 438, 420 ]
257 silly gunzTarPerm extractEntry test/less/debug/import/test.less
258 silly gunzTarPerm modified mode [ 'test/less/debug/import/test.less', 438, 420 ]
259 silly gunzTarPerm extractEntry test/less/debug/linenumbers.less
260 silly gunzTarPerm modified mode [ 'test/less/debug/linenumbers.less', 438, 420 ]
261 silly gunzTarPerm extractEntry test/less/errors/mixed-mixin-definition-args-2.less
262 silly gunzTarPerm modified mode [ 'test/less/errors/mixed-mixin-definition-args-2.less',
262 silly gunzTarPerm   438,
262 silly gunzTarPerm   420 ]
263 silly gunzTarPerm extractEntry test/less/errors/bad-variable-declaration1.less
264 silly gunzTarPerm modified mode [ 'test/less/errors/bad-variable-declaration1.less', 438, 420 ]
265 silly gunzTarPerm extractEntry test/less/errors/comment-in-selector.less
266 silly gunzTarPerm modified mode [ 'test/less/errors/comment-in-selector.less', 438, 420 ]
267 silly gunzTarPerm extractEntry test/less/errors/comment-in-selector.txt
268 silly gunzTarPerm modified mode [ 'test/less/errors/comment-in-selector.txt', 438, 420 ]
269 silly gunzTarPerm extractEntry test/less/errors/import-missing.less
270 silly gunzTarPerm modified mode [ 'test/less/errors/import-missing.less', 438, 420 ]
271 silly gunzTarPerm extractEntry test/less/errors/import-missing.txt
272 silly gunzTarPerm modified mode [ 'test/less/errors/import-missing.txt', 438, 420 ]
273 silly gunzTarPerm extractEntry test/less/errors/import-no-semi.less
274 silly gunzTarPerm modified mode [ 'test/less/errors/import-no-semi.less', 438, 420 ]
275 silly gunzTarPerm extractEntry test/less/errors/import-no-semi.txt
276 silly gunzTarPerm modified mode [ 'test/less/errors/import-no-semi.txt', 438, 420 ]
277 silly gunzTarPerm extractEntry test/less/errors/import-subfolder1.less
278 silly gunzTarPerm modified mode [ 'test/less/errors/import-subfolder1.less', 438, 420 ]
279 silly gunzTarPerm extractEntry test/less/errors/import-subfolder1.txt
280 silly gunzTarPerm modified mode [ 'test/less/errors/import-subfolder1.txt', 438, 420 ]
281 silly gunzTarPerm extractEntry test/less/errors/import-subfolder2.less
282 silly gunzTarPerm modified mode [ 'test/less/errors/import-subfolder2.less', 438, 420 ]
283 silly gunzTarPerm extractEntry test/less/errors/import-subfolder2.txt
284 silly gunzTarPerm modified mode [ 'test/less/errors/import-subfolder2.txt', 438, 420 ]
285 silly gunzTarPerm extractEntry test/less/errors/imports/import-subfolder1.less
286 silly gunzTarPerm modified mode [ 'test/less/errors/imports/import-subfolder1.less', 438, 420 ]
287 silly gunzTarPerm extractEntry test/less/errors/imports/import-subfolder2.less
288 silly gunzTarPerm modified mode [ 'test/less/errors/imports/import-subfolder2.less', 438, 420 ]
289 silly gunzTarPerm extractEntry test/less/errors/imports/import-test.less
290 silly gunzTarPerm modified mode [ 'test/less/errors/imports/import-test.less', 438, 420 ]
291 silly gunzTarPerm extractEntry test/less/errors/imports/subfolder/mixin-not-defined.less
292 silly gunzTarPerm modified mode [ 'test/less/errors/imports/subfolder/mixin-not-defined.less',
292 silly gunzTarPerm   438,
292 silly gunzTarPerm   420 ]
293 silly gunzTarPerm extractEntry test/less/errors/imports/subfolder/parse-error-curly-bracket.less
294 silly gunzTarPerm modified mode [ 'test/less/errors/imports/subfolder/parse-error-curly-bracket.less',
294 silly gunzTarPerm   438,
294 silly gunzTarPerm   420 ]
295 silly gunzTarPerm extractEntry test/less/errors/javascript-error.less
296 silly gunzTarPerm modified mode [ 'test/less/errors/javascript-error.less', 438, 420 ]
297 silly gunzTarPerm extractEntry test/less/errors/javascript-error.txt
298 silly gunzTarPerm modified mode [ 'test/less/errors/javascript-error.txt', 438, 420 ]
299 silly gunzTarPerm extractEntry test/less/errors/mixed-mixin-definition-args-1.less
300 silly gunzTarPerm modified mode [ 'test/less/errors/mixed-mixin-definition-args-1.less',
300 silly gunzTarPerm   438,
300 silly gunzTarPerm   420 ]
301 silly gunzTarPerm extractEntry test/less/errors/mixed-mixin-definition-args-1.txt
302 silly gunzTarPerm modified mode [ 'test/less/errors/mixed-mixin-definition-args-1.txt',
302 silly gunzTarPerm   438,
302 silly gunzTarPerm   420 ]
303 silly gunzTarPerm extractEntry test/less/errors/bad-variable-declaration1.txt
304 silly gunzTarPerm modified mode [ 'test/less/errors/bad-variable-declaration1.txt', 438, 420 ]
305 silly gunzTarPerm extractEntry test/less/errors/mixed-mixin-definition-args-2.txt
306 silly gunzTarPerm modified mode [ 'test/less/errors/mixed-mixin-definition-args-2.txt',
306 silly gunzTarPerm   438,
306 silly gunzTarPerm   420 ]
307 silly gunzTarPerm extractEntry test/less/errors/mixin-not-defined.less
308 silly gunzTarPerm modified mode [ 'test/less/errors/mixin-not-defined.less', 438, 420 ]
309 silly gunzTarPerm extractEntry test/less/errors/mixin-not-defined.txt
310 silly gunzTarPerm modified mode [ 'test/less/errors/mixin-not-defined.txt', 438, 420 ]
311 silly gunzTarPerm extractEntry test/less/errors/mixin-not-matched.less
312 silly gunzTarPerm modified mode [ 'test/less/errors/mixin-not-matched.less', 438, 420 ]
313 silly gunzTarPerm extractEntry test/less/errors/mixin-not-matched.txt
314 silly gunzTarPerm modified mode [ 'test/less/errors/mixin-not-matched.txt', 438, 420 ]
315 silly gunzTarPerm extractEntry test/less/errors/mixin-not-matched2.less
316 silly gunzTarPerm modified mode [ 'test/less/errors/mixin-not-matched2.less', 438, 420 ]
317 silly gunzTarPerm extractEntry test/less/errors/mixin-not-matched2.txt
318 silly gunzTarPerm modified mode [ 'test/less/errors/mixin-not-matched2.txt', 438, 420 ]
319 silly gunzTarPerm extractEntry test/less/errors/parse-error-curly-bracket.less
320 silly gunzTarPerm modified mode [ 'test/less/errors/parse-error-curly-bracket.less', 438, 420 ]
321 silly gunzTarPerm extractEntry test/less/errors/parse-error-curly-bracket.txt
322 silly gunzTarPerm modified mode [ 'test/less/errors/parse-error-curly-bracket.txt', 438, 420 ]
323 silly gunzTarPerm extractEntry test/less/errors/parse-error-missing-bracket.less
324 silly gunzTarPerm modified mode [ 'test/less/errors/parse-error-missing-bracket.less', 438, 420 ]
325 silly gunzTarPerm extractEntry test/less/errors/parse-error-missing-bracket.txt
326 silly gunzTarPerm modified mode [ 'test/less/errors/parse-error-missing-bracket.txt', 438, 420 ]
327 silly gunzTarPerm extractEntry test/less/errors/parse-error-with-import.less
328 silly gunzTarPerm modified mode [ 'test/less/errors/parse-error-with-import.less', 438, 420 ]
329 silly gunzTarPerm extractEntry test/less/errors/parse-error-with-import.txt
330 silly gunzTarPerm modified mode [ 'test/less/errors/parse-error-with-import.txt', 438, 420 ]
331 silly gunzTarPerm extractEntry test/less/errors/property-ie5-hack.less
332 silly gunzTarPerm modified mode [ 'test/less/errors/property-ie5-hack.less', 438, 420 ]
333 silly gunzTarPerm extractEntry test/less/errors/property-ie5-hack.txt
334 silly gunzTarPerm modified mode [ 'test/less/errors/property-ie5-hack.txt', 438, 420 ]
335 silly gunzTarPerm extractEntry test/less/errors/recursive-variable.less
336 silly gunzTarPerm modified mode [ 'test/less/errors/recursive-variable.less', 438, 420 ]
337 silly gunzTarPerm extractEntry test/less/errors/recursive-variable.txt
338 silly gunzTarPerm modified mode [ 'test/less/errors/recursive-variable.txt', 438, 420 ]
339 silly gunzTarPerm extractEntry test/less/functions.less
340 silly gunzTarPerm modified mode [ 'test/less/functions.less', 438, 420 ]
341 silly gunzTarPerm extractEntry test/less/ie-filters.less
342 silly gunzTarPerm modified mode [ 'test/less/ie-filters.less', 438, 420 ]
343 silly gunzTarPerm extractEntry test/less/import/import-test-b.less
344 silly gunzTarPerm modified mode [ 'test/less/import/import-test-b.less', 438, 420 ]
345 silly gunzTarPerm extractEntry test/less/import/deeper/import-once-test-a.less
346 silly gunzTarPerm modified mode [ 'test/less/import/deeper/import-once-test-a.less', 438, 420 ]
347 silly gunzTarPerm extractEntry test/less/import/import-charset-test.less
348 silly gunzTarPerm modified mode [ 'test/less/import/import-charset-test.less', 438, 420 ]
349 silly gunzTarPerm extractEntry test/less/import/import-once-test-c.less
350 silly gunzTarPerm modified mode [ 'test/less/import/import-once-test-c.less', 438, 420 ]
351 silly gunzTarPerm extractEntry test/less/import/import-test-a.less
352 silly gunzTarPerm modified mode [ 'test/less/import/import-test-a.less', 438, 420 ]
353 silly gunzTarPerm extractEntry test/less/import/import-and-relative-paths-test.less
354 silly gunzTarPerm modified mode [ 'test/less/import/import-and-relative-paths-test.less',
354 silly gunzTarPerm   438,
354 silly gunzTarPerm   420 ]
355 silly gunzTarPerm extractEntry test/less/import/import-test-c.less
356 silly gunzTarPerm modified mode [ 'test/less/import/import-test-c.less', 438, 420 ]
357 silly gunzTarPerm extractEntry test/less/import/import-test-d.css
358 silly gunzTarPerm modified mode [ 'test/less/import/import-test-d.css', 438, 420 ]
359 silly gunzTarPerm extractEntry test/less/import/import-test-e.less
360 silly gunzTarPerm modified mode [ 'test/less/import/import-test-e.less', 438, 420 ]
361 silly gunzTarPerm extractEntry test/less/import/imports/font.less
362 silly gunzTarPerm modified mode [ 'test/less/import/imports/font.less', 438, 420 ]
363 silly gunzTarPerm extractEntry test/less/import/imports/logo.less
364 silly gunzTarPerm modified mode [ 'test/less/import/imports/logo.less', 438, 420 ]
365 silly gunzTarPerm extractEntry test/less/import/urls.less
366 silly gunzTarPerm modified mode [ 'test/less/import/urls.less', 438, 420 ]
367 silly gunzTarPerm extractEntry test/less/import-once.less
368 silly gunzTarPerm modified mode [ 'test/less/import-once.less', 438, 420 ]
369 silly gunzTarPerm extractEntry test/less/import.less
370 silly gunzTarPerm modified mode [ 'test/less/import.less', 438, 420 ]
371 silly gunzTarPerm extractEntry test/less/javascript.less
372 silly gunzTarPerm modified mode [ 'test/less/javascript.less', 438, 420 ]
373 silly gunzTarPerm extractEntry test/less/lazy-eval.less
374 silly gunzTarPerm modified mode [ 'test/less/lazy-eval.less', 438, 420 ]
375 silly gunzTarPerm extractEntry test/less/media.less
376 silly gunzTarPerm modified mode [ 'test/less/media.less', 438, 420 ]
377 silly gunzTarPerm extractEntry test/less/mixins-args.less
378 silly gunzTarPerm modified mode [ 'test/less/mixins-args.less', 438, 420 ]
379 silly gunzTarPerm extractEntry test/less/colors.less
380 silly gunzTarPerm modified mode [ 'test/less/colors.less', 438, 420 ]
381 silly gunzTarPerm extractEntry test/less/mixins-guards.less
382 silly gunzTarPerm modified mode [ 'test/less/mixins-guards.less', 438, 420 ]
383 silly gunzTarPerm extractEntry test/less/mixins-important.less
384 silly gunzTarPerm modified mode [ 'test/less/mixins-important.less', 438, 420 ]
385 silly gunzTarPerm extractEntry test/less/mixins-named-args.less
386 silly gunzTarPerm modified mode [ 'test/less/mixins-named-args.less', 438, 420 ]
387 silly gunzTarPerm extractEntry test/less/mixins-nested.less
388 silly gunzTarPerm modified mode [ 'test/less/mixins-nested.less', 438, 420 ]
389 silly gunzTarPerm extractEntry test/less/mixins-pattern.less
390 silly gunzTarPerm modified mode [ 'test/less/mixins-pattern.less', 438, 420 ]
391 silly gunzTarPerm extractEntry test/less/mixins.less
392 silly gunzTarPerm modified mode [ 'test/less/mixins.less', 438, 420 ]
393 silly gunzTarPerm extractEntry test/less/operations.less
394 silly gunzTarPerm modified mode [ 'test/less/operations.less', 438, 420 ]
395 silly gunzTarPerm extractEntry test/less/parens.less
396 silly gunzTarPerm modified mode [ 'test/less/parens.less', 438, 420 ]
397 silly gunzTarPerm extractEntry test/less/rulesets.less
398 silly gunzTarPerm modified mode [ 'test/less/rulesets.less', 438, 420 ]
399 silly gunzTarPerm extractEntry test/less/scope.less
400 silly gunzTarPerm modified mode [ 'test/less/scope.less', 438, 420 ]
401 silly gunzTarPerm extractEntry test/less/selectors.less
402 silly gunzTarPerm modified mode [ 'test/less/selectors.less', 438, 420 ]
403 silly gunzTarPerm extractEntry test/less/static-urls/urls.less
404 silly gunzTarPerm modified mode [ 'test/less/static-urls/urls.less', 438, 420 ]
405 silly gunzTarPerm extractEntry test/less/strings.less
406 silly gunzTarPerm modified mode [ 'test/less/strings.less', 438, 420 ]
407 silly gunzTarPerm extractEntry test/less/urls.less
408 silly gunzTarPerm modified mode [ 'test/less/urls.less', 438, 420 ]
409 silly gunzTarPerm extractEntry test/less/variables.less
410 silly gunzTarPerm modified mode [ 'test/less/variables.less', 438, 420 ]
411 silly gunzTarPerm extractEntry test/less/whitespace.less
412 silly gunzTarPerm modified mode [ 'test/less/whitespace.less', 438, 420 ]
413 silly gunzTarPerm extractEntry Makefile
414 silly gunzTarPerm modified mode [ 'Makefile', 438, 420 ]
415 silly gunzTarPerm extractEntry bin/lessc
416 silly gunzTarPerm modified mode [ 'bin/lessc', 438, 420 ]
417 silly gunzTarPerm extractEntry build/amd.js
418 silly gunzTarPerm modified mode [ 'build/amd.js', 438, 420 ]
419 silly gunzTarPerm extractEntry build/ecma-5.js
420 silly gunzTarPerm modified mode [ 'build/ecma-5.js', 438, 420 ]
421 silly gunzTarPerm extractEntry build/header.js
422 silly gunzTarPerm modified mode [ 'build/header.js', 438, 420 ]
423 silly gunzTarPerm extractEntry build/require-rhino.js
424 silly gunzTarPerm modified mode [ 'build/require-rhino.js', 438, 420 ]
425 silly gunzTarPerm extractEntry build/require.js
426 silly gunzTarPerm modified mode [ 'build/require.js', 438, 420 ]
427 verbose read json /var/folders/5l/mg_x7mwx2lxg0ssdmjq3ncrc0000gn/T/npm-2349/1359434075987-0.42711647716350853/package/package.json
428 silly lockFile 2fed5cb5-5987-0-42711647716350853-package /var/folders/5l/mg_x7mwx2lxg0ssdmjq3ncrc0000gn/T/npm-2349/1359434075987-0.42711647716350853/package
429 verbose from cache /var/folders/5l/mg_x7mwx2lxg0ssdmjq3ncrc0000gn/T/npm-2349/1359434075987-0.42711647716350853/package/package.json
430 verbose tar pack [ '/Users/Gustavo/.npm/less/1.3.3/package.tgz',
430 verbose tar pack   '/var/folders/5l/mg_x7mwx2lxg0ssdmjq3ncrc0000gn/T/npm-2349/1359434075987-0.42711647716350853/package' ]
431 verbose tarball /Users/Gustavo/.npm/less/1.3.3/package.tgz
432 verbose folder /var/folders/5l/mg_x7mwx2lxg0ssdmjq3ncrc0000gn/T/npm-2349/1359434075987-0.42711647716350853/package
433 silly lockFile 4330bdfb-stavo-npm-less-1-3-3-package-tgz /Users/Gustavo/.npm/less/1.3.3/package.tgz
434 verbose lock /Users/Gustavo/.npm/less/1.3.3/package.tgz /Users/Gustavo/.npm/4330bdfb-stavo-npm-less-1-3-3-package-tgz.lock
435 silly lockFile 4330bdfb-stavo-npm-less-1-3-3-package-tgz /Users/Gustavo/.npm/less/1.3.3/package.tgz
436 silly lockFile 505affb7-s-Gustavo-npm-less-1-3-3-package /Users/Gustavo/.npm/less/1.3.3/package
437 verbose lock /Users/Gustavo/.npm/less/1.3.3/package /Users/Gustavo/.npm/505affb7-s-Gustavo-npm-less-1-3-3-package.lock
438 silly lockFile 505affb7-s-Gustavo-npm-less-1-3-3-package /Users/Gustavo/.npm/less/1.3.3/package
439 verbose tar unpack /Users/Gustavo/.npm/less/1.3.3/package.tgz
440 silly lockFile 505affb7-s-Gustavo-npm-less-1-3-3-package /Users/Gustavo/.npm/less/1.3.3/package
441 verbose lock /Users/Gustavo/.npm/less/1.3.3/package /Users/Gustavo/.npm/505affb7-s-Gustavo-npm-less-1-3-3-package.lock
442 silly gunzTarPerm modes [ '755', '644' ]
443 silly gunzTarPerm extractEntry package.json
444 silly gunzTarPerm extractEntry .npmignore
445 silly gunzTarPerm extractEntry README.md
446 silly gunzTarPerm extractEntry LICENSE
447 silly gunzTarPerm extractEntry CHANGELOG.md
448 silly gunzTarPerm extractEntry CONTRIBUTING.md
449 silly gunzTarPerm extractEntry benchmark/less-benchmark.js
450 silly gunzTarPerm extractEntry benchmark/benchmark.less
451 silly gunzTarPerm extractEntry test/browser-test-prepare.js
452 silly gunzTarPerm extractEntry test/less-test.js
453 silly gunzTarPerm extractEntry test/browser/common.js
454 silly gunzTarPerm extractEntry test/browser/jasmine-html.js
455 silly gunzTarPerm extractEntry test/browser/runner-rootpath.js
456 silly gunzTarPerm extractEntry test/browser/jasmine.js
457 silly gunzTarPerm extractEntry test/browser/runner-rootpath-relative.js
458 silly gunzTarPerm extractEntry test/browser/runner-relative-urls.js
459 silly gunzTarPerm extractEntry test/browser/runner-browser.js
460 silly gunzTarPerm extractEntry test/browser/runner-main.js
461 silly gunzTarPerm extractEntry test/browser/phantom-runner.js
462 silly gunzTarPerm extractEntry test/browser/css/relative-urls/urls.css
463 silly gunzTarPerm extractEntry test/browser/css/rootpath/urls.css
464 silly gunzTarPerm extractEntry test/browser/css/rootpath-relative/urls.css
465 silly gunzTarPerm extractEntry test/browser/css/urls.css
466 silly gunzTarPerm extractEntry test/browser/less/imports/urls.less
467 silly gunzTarPerm extractEntry test/browser/less/imports/urls2.less
468 silly gunzTarPerm extractEntry test/browser/less/relative-urls/urls.less
469 silly gunzTarPerm extractEntry test/browser/less/rootpath/urls.less
470 silly gunzTarPerm extractEntry test/browser/less/rootpath-relative/urls.less
471 silly gunzTarPerm extractEntry test/browser/less/urls.less
472 silly gunzTarPerm extractEntry test/browser/jasmine.css
473 silly gunzTarPerm extractEntry test/browser/template.htm
474 silly gunzTarPerm extractEntry test/css/mixins-guards.css
475 silly gunzTarPerm extractEntry test/css/charsets.css
476 silly gunzTarPerm extractEntry test/css/comments.css
477 silly gunzTarPerm extractEntry test/css/css-3.css
478 silly gunzTarPerm extractEntry test/css/css-escapes.css
479 silly gunzTarPerm extractEntry test/css/css.css
480 silly gunzTarPerm extractEntry test/css/debug/linenumbers-all.css
481 silly gunzTarPerm extractEntry test/css/debug/linenumbers-comments.css
482 silly gunzTarPerm extractEntry test/css/debug/linenumbers-mediaquery.css
483 silly gunzTarPerm extractEntry test/css/functions.css
484 silly gunzTarPerm extractEntry test/css/ie-filters.css
485 silly gunzTarPerm extractEntry test/css/import-once.css
486 silly gunzTarPerm extractEntry test/css/import.css
487 silly gunzTarPerm extractEntry test/css/javascript.css
488 silly gunzTarPerm extractEntry test/css/lazy-eval.css
489 silly gunzTarPerm extractEntry test/css/media.css
490 silly gunzTarPerm extractEntry test/css/mixins-args.css
491 silly gunzTarPerm extractEntry test/css/mixins-closure.css
492 silly gunzTarPerm extractEntry test/css/colors.css
493 silly gunzTarPerm extractEntry test/css/mixins-important.css
494 silly gunzTarPerm extractEntry test/css/mixins-named-args.css
495 silly gunzTarPerm extractEntry test/css/mixins-nested.css
496 silly gunzTarPerm extractEntry test/css/mixins-pattern.css
497 silly gunzTarPerm extractEntry test/css/mixins.css
498 silly gunzTarPerm extractEntry test/css/operations.css
499 silly gunzTarPerm extractEntry test/css/parens.css
500 silly gunzTarPerm extractEntry test/css/rulesets.css
501 silly gunzTarPerm extractEntry test/css/scope.css
502 silly gunzTarPerm extractEntry test/css/selectors.css
503 silly gunzTarPerm extractEntry test/css/static-urls/urls.css
504 silly gunzTarPerm extractEntry test/css/strings.css
505 silly gunzTarPerm extractEntry test/css/urls.css
506 silly gunzTarPerm extractEntry test/css/variables.css
507 silly gunzTarPerm extractEntry test/css/whitespace.css
508 silly gunzTarPerm extractEntry test/less/mixins-closure.less
509 silly gunzTarPerm extractEntry test/less/charsets.less
510 silly gunzTarPerm extractEntry test/less/comments.less
511 silly gunzTarPerm extractEntry test/less/css-3.less
512 silly gunzTarPerm extractEntry test/less/css-escapes.less
513 silly gunzTarPerm extractEntry test/less/css.less
514 silly gunzTarPerm extractEntry test/less/debug/import/test.less
515 silly gunzTarPerm extractEntry test/less/debug/linenumbers.less
516 silly gunzTarPerm extractEntry test/less/errors/mixed-mixin-definition-args-2.less
517 silly gunzTarPerm extractEntry test/less/errors/bad-variable-declaration1.less
518 silly gunzTarPerm extractEntry test/less/errors/comment-in-selector.less
519 silly gunzTarPerm extractEntry test/less/errors/comment-in-selector.txt
520 silly gunzTarPerm extractEntry test/less/errors/import-missing.less
521 silly gunzTarPerm extractEntry test/less/errors/import-missing.txt
522 silly gunzTarPerm extractEntry test/less/errors/import-no-semi.less
523 silly gunzTarPerm extractEntry test/less/errors/import-no-semi.txt
524 silly gunzTarPerm extractEntry test/less/errors/import-subfolder1.less
525 silly gunzTarPerm extractEntry test/less/errors/import-subfolder1.txt
526 silly gunzTarPerm extractEntry test/less/errors/import-subfolder2.less
527 silly gunzTarPerm extractEntry test/less/errors/import-subfolder2.txt
528 silly gunzTarPerm extractEntry test/less/errors/imports/import-subfolder1.less
529 silly gunzTarPerm extractEntry test/less/errors/imports/import-subfolder2.less
530 silly gunzTarPerm extractEntry test/less/errors/imports/import-test.less
531 silly gunzTarPerm extractEntry test/less/errors/imports/subfolder/mixin-not-defined.less
532 silly gunzTarPerm extractEntry test/less/errors/imports/subfolder/parse-error-curly-bracket.less
533 silly gunzTarPerm extractEntry test/less/errors/javascript-error.less
534 silly gunzTarPerm extractEntry test/less/errors/javascript-error.txt
535 silly gunzTarPerm extractEntry test/less/errors/mixed-mixin-definition-args-1.less
536 silly gunzTarPerm extractEntry test/less/errors/mixed-mixin-definition-args-1.txt
537 silly gunzTarPerm extractEntry test/less/errors/bad-variable-declaration1.txt
538 silly gunzTarPerm extractEntry test/less/errors/mixed-mixin-definition-args-2.txt
539 silly gunzTarPerm extractEntry test/less/errors/mixin-not-defined.less
540 silly gunzTarPerm extractEntry test/less/errors/mixin-not-defined.txt
541 silly gunzTarPerm extractEntry test/less/errors/mixin-not-matched.less
542 silly gunzTarPerm extractEntry test/less/errors/mixin-not-matched.txt
543 silly gunzTarPerm extractEntry test/less/errors/mixin-not-matched2.less
544 silly gunzTarPerm extractEntry test/less/errors/mixin-not-matched2.txt
545 silly gunzTarPerm extractEntry test/less/errors/parse-error-curly-bracket.less
546 silly gunzTarPerm extractEntry test/less/errors/parse-error-curly-bracket.txt
547 silly gunzTarPerm extractEntry test/less/errors/parse-error-missing-bracket.less
548 silly gunzTarPerm extractEntry test/less/errors/parse-error-missing-bracket.txt
549 silly gunzTarPerm extractEntry test/less/errors/parse-error-with-import.less
550 silly gunzTarPerm extractEntry test/less/errors/parse-error-with-import.txt
551 silly gunzTarPerm extractEntry test/less/errors/property-ie5-hack.less
552 silly gunzTarPerm extractEntry test/less/errors/property-ie5-hack.txt
553 silly gunzTarPerm extractEntry test/less/errors/recursive-variable.less
554 silly gunzTarPerm extractEntry test/less/errors/recursive-variable.txt
555 silly gunzTarPerm extractEntry test/less/functions.less
556 silly gunzTarPerm extractEntry test/less/ie-filters.less
557 silly gunzTarPerm extractEntry test/less/import/import-test-b.less
558 silly gunzTarPerm extractEntry test/less/import/deeper/import-once-test-a.less
559 silly gunzTarPerm extractEntry test/less/import/import-charset-test.less
560 silly gunzTarPerm extractEntry test/less/import/import-once-test-c.less
561 silly gunzTarPerm extractEntry test/less/import/import-test-a.less
562 silly gunzTarPerm extractEntry test/less/import/import-and-relative-paths-test.less
563 silly gunzTarPerm extractEntry test/less/import/import-test-c.less
564 silly gunzTarPerm extractEntry test/less/import/import-test-d.css
565 silly gunzTarPerm extractEntry test/less/import/import-test-e.less
566 silly gunzTarPerm extractEntry test/less/import/imports/font.less
567 silly gunzTarPerm extractEntry test/less/import/imports/logo.less
568 silly gunzTarPerm extractEntry test/less/import/urls.less
569 silly gunzTarPerm extractEntry test/less/import-once.less
570 silly gunzTarPerm extractEntry test/less/import.less
571 silly gunzTarPerm extractEntry test/less/javascript.less
572 silly gunzTarPerm extractEntry test/less/lazy-eval.less
573 silly gunzTarPerm extractEntry test/less/media.less
574 silly gunzTarPerm extractEntry test/less/mixins-args.less
575 silly gunzTarPerm extractEntry test/less/colors.less
576 silly gunzTarPerm extractEntry test/less/mixins-guards.less
577 silly gunzTarPerm extractEntry test/less/mixins-important.less
578 silly gunzTarPerm extractEntry test/less/mixins-named-args.less
579 silly gunzTarPerm extractEntry test/less/mixins-nested.less
580 silly gunzTarPerm extractEntry test/less/mixins-pattern.less
581 silly gunzTarPerm extractEntry test/less/mixins.less
582 silly gunzTarPerm extractEntry test/less/operations.less
583 silly gunzTarPerm extractEntry test/less/parens.less
584 silly gunzTarPerm extractEntry test/less/rulesets.less
585 silly gunzTarPerm extractEntry test/less/scope.less
586 silly gunzTarPerm extractEntry test/less/selectors.less
587 silly gunzTarPerm extractEntry test/less/static-urls/urls.less
588 silly gunzTarPerm extractEntry test/less/strings.less
589 silly gunzTarPerm extractEntry test/less/urls.less
590 silly gunzTarPerm extractEntry test/less/variables.less
591 silly gunzTarPerm extractEntry test/less/whitespace.less
592 silly gunzTarPerm extractEntry Makefile
593 silly gunzTarPerm extractEntry bin/lessc
594 silly gunzTarPerm extractEntry build/amd.js
595 silly gunzTarPerm extractEntry build/ecma-5.js
596 silly gunzTarPerm extractEntry build/header.js
597 silly gunzTarPerm extractEntry build/require-rhino.js
598 silly gunzTarPerm extractEntry build/require.js
599 silly gunzTarPerm extractEntry lib/less/browser.js
600 silly gunzTarPerm extractEntry lib/less/colors.js
601 silly gunzTarPerm extractEntry lib/less/functions.js
602 silly gunzTarPerm extractEntry lib/less/index.js
603 silly gunzTarPerm extractEntry lib/less/lessc_helper.js
604 silly gunzTarPerm extractEntry lib/less/parser.js
605 silly gunzTarPerm extractEntry lib/less/rhino.js
606 silly gunzTarPerm extractEntry lib/less/tree.js
607 silly gunzTarPerm extractEntry lib/less/tree/alpha.js
608 silly gunzTarPerm extractEntry lib/less/tree/expression.js
609 silly gunzTarPerm extractEntry lib/less/tree/import.js
610 silly gunzTarPerm extractEntry lib/less/tree/javascript.js
611 silly gunzTarPerm extractEntry lib/less/tree/element.js
612 silly gunzTarPerm extractEntry lib/less/tree/media.js
613 silly gunzTarPerm extractEntry lib/less/tree/mixin.js
614 silly gunzTarPerm extractEntry lib/less/tree/operation.js
615 silly gunzTarPerm extractEntry lib/less/tree/paren.js
616 silly gunzTarPerm extractEntry lib/less/tree/quoted.js
617 silly gunzTarPerm extractEntry lib/less/tree/directive.js
618 silly gunzTarPerm extractEntry lib/less/tree/ratio.js
619 silly gunzTarPerm extractEntry lib/less/tree/dimension.js
620 silly gunzTarPerm extractEntry lib/less/tree/rule.js
621 silly gunzTarPerm extractEntry lib/less/tree/condition.js
622 silly gunzTarPerm extractEntry lib/less/tree/ruleset.js
623 silly gunzTarPerm extractEntry lib/less/tree/comment.js
624 silly gunzTarPerm extractEntry lib/less/tree/selector.js
625 silly gunzTarPerm extractEntry lib/less/tree/color.js
626 silly gunzTarPerm extractEntry lib/less/tree/unicode-descriptor.js
627 silly gunzTarPerm extractEntry lib/less/tree/call.js
628 silly gunzTarPerm extractEntry lib/less/tree/url.js
629 silly gunzTarPerm extractEntry lib/less/tree/assignment.js
630 silly gunzTarPerm extractEntry lib/less/tree/value.js
631 silly gunzTarPerm extractEntry lib/less/tree/anonymous.js
632 silly gunzTarPerm extractEntry lib/less/tree/variable.js
633 silly gunzTarPerm extractEntry lib/less/tree/keyword.js
634 verbose read json /Users/Gustavo/.npm/less/1.3.3/package/package.json
635 silly lockFile 505affb7-s-Gustavo-npm-less-1-3-3-package /Users/Gustavo/.npm/less/1.3.3/package
636 silly shasum updated bytes 40960
637 silly shasum updated bytes 40960
638 silly shasum updated bytes 34124
639 info shasum 57cea6252209c3e618b46d3bdda597a6907d28b4
639 info shasum /Users/Gustavo/.npm/less/1.3.3/package.tgz
640 verbose from cache /Users/Gustavo/.npm/less/1.3.3/package/package.json
641 verbose chmod /Users/Gustavo/.npm/less/1.3.3/package.tgz 644
642 verbose chown /Users/Gustavo/.npm/less/1.3.3/package.tgz [ 501, 20 ]
643 silly lockFile 2aa4d5e7-ry-npmjs-org-less-less-1-3-3-tgz https://registry.npmjs.org/less/-/less-1.3.3.tgz
644 silly lockFile fcd40bce-less-1-3-3 less@1.3.3
645 silly lockFile e13833ab-less less@
646 silly resolved [ { name: 'less',
646 silly resolved     description: 'Leaner CSS',
646 silly resolved     homepage: 'http://lesscss.org',
646 silly resolved     keywords: [ 'css', 'parser', 'lesscss', 'browser' ],
646 silly resolved     author: { name: 'Alexis Sellier', email: 'self@cloudhead.net' },
646 silly resolved     contributors: [],
646 silly resolved     version: '1.3.3',
646 silly resolved     bin: { lessc: './bin/lessc' },
646 silly resolved     main: './lib/less/index',
646 silly resolved     directories: { test: './test' },
646 silly resolved     engines: { node: '>=0.4.2' },
646 silly resolved     optionalDependencies: { ycssmin: '>=1.0.1' },
646 silly resolved     devDependencies: { diff: '~1.0' },
646 silly resolved     scripts: { test: 'make test' },
646 silly resolved     bugs: { url: 'https://github.com/cloudhead/less.js/issues' },
646 silly resolved     repository: { type: 'git', url: 'https://github.com/cloudhead/less.js.git' },
646 silly resolved     readme: 'less.js\n=======\n\nThe **dynamic** stylesheet language.\n\n<http://lesscss.org>\n\nabout\n-----\n\nThis is the JavaScript, and now official, stable version of LESS.\n\nFor more information, visit <http://lesscss.org>.\n\nlicense\n-------\n\nSee `LICENSE` file.\n\n> Copyright (c) 2009-2011 Alexis Sellier\n',
646 silly resolved     _id: 'less@1.3.3',
646 silly resolved     dependencies: { ycssmin: '>=1.0.1' },
646 silly resolved     dist: { shasum: '57cea6252209c3e618b46d3bdda597a6907d28b4' },
646 silly resolved     _from: 'less' } ]
647 info install less@1.3.3 into /usr/local/lib
648 info installOne less@1.3.3
649 verbose from cache /Users/Gustavo/.npm/less/1.3.3/package/package.json
650 info /usr/local/lib/node_modules/less unbuild
651 verbose read json /usr/local/lib/node_modules/less/package.json
652 verbose tar unpack /Users/Gustavo/.npm/less/1.3.3/package.tgz
653 silly lockFile c2213c90-usr-local-lib-node-modules-less /usr/local/lib/node_modules/less
654 verbose lock /usr/local/lib/node_modules/less /Users/Gustavo/.npm/c2213c90-usr-local-lib-node-modules-less.lock
655 silly gunzTarPerm modes [ '755', '644' ]
656 error Error: EACCES, mkdir '/usr/local/lib/node_modules/less'
656 error  { [Error: EACCES, mkdir '/usr/local/lib/node_modules/less']
656 error   errno: 3,
656 error   code: 'EACCES',
656 error   path: '/usr/local/lib/node_modules/less',
656 error   fstream_type: 'Directory',
656 error   fstream_path: '/usr/local/lib/node_modules/less',
656 error   fstream_class: 'DirWriter',
656 error   fstream_stack:
656 error    [ 'DirWriter._create (/usr/local/lib/node_modules/npm/node_modules/fstream/lib/dir-writer.js:36:23)',
656 error      '/usr/local/lib/node_modules/npm/node_modules/mkdirp/index.js:37:53',
656 error      'Object.oncomplete (fs.js:297:15)' ] }
657 error Please try running this command again as root/Administrator.
658 error System Darwin 12.2.0
659 error command "node" "/usr/local/bin/npm" "install" "-g" "less"
660 error cwd /Users/Gustavo/Desktop/tarea
661 error node -v v0.8.11
662 error npm -v 1.1.62
663 error path /usr/local/lib/node_modules/less
664 error fstream_path /usr/local/lib/node_modules/less
665 error fstream_type Directory
666 error fstream_class DirWriter
667 error code EACCES
668 error errno 3
669 error stack Error: EACCES, mkdir '/usr/local/lib/node_modules/less'
670 error fstream_stack DirWriter._create (/usr/local/lib/node_modules/npm/node_modules/fstream/lib/dir-writer.js:36:23)
670 error fstream_stack /usr/local/lib/node_modules/npm/node_modules/mkdirp/index.js:37:53
670 error fstream_stack Object.oncomplete (fs.js:297:15)
671 verbose exit [ 3, true ]
